<?xml version="1.0" encoding="utf-8"?><testsuites name="pytest tests"><testsuite name="pytest" errors="0" failures="0" skipped="0" tests="12" time="38.347" timestamp="2026-09-23T07:03:36.964089+00:00" hostname="agent-env-57cdee63-4053-43ac-b05b-395f91977e82"><testcase classname="tests.test_iter27_media_restore_regression.TestScriptIdempotenceAndSelection" name="test_restore_generated_covers_rerun_skips_60" time="0.684" /><testcase classname="tests.test_iter27_media_restore_regression.TestGeneratedAndLocalCovers" name="test_assets_report_counts_68" time="0.263" /><testcase classname="tests.test_iter27_media_restore_regression.TestGeneratedAndLocalCovers" name="test_generated_sources_have_60_ids" time="0.001" /><testcase classname="tests.test_iter27_media_restore_regression.TestGeneratedAndLocalCovers" name="test_generated_cover_ids_have_media_variants_and_preserved_story_content" time="35.011" /><testcase classname="tests.test_iter27_media_restore_regression.TestScriptIdempotenceAndSelection" name="test_generate_covers_dry_run_only_reports_missing_and_no_generation" time="2.224" /><testcase classname="tests.test_iter27_media_restore_regression.TestScriptIdempotenceAndSelection" name="test_budget_error_detection" time="0.000" /><testcase classname="tests.test_iter27_media_restore_regression.Test404AndNoObjectId" name="test_nonexistent_category_and_media_return_404_not_500" time="0.177" /><testcase classname="tests.test_iter27_media_restore_regression.Test404AndNoObjectId" name="test_stories_api_has_no_mongodb_object_id_field" time="0.065" /><testcase classname="tests.test_iter27_media_restore_regression.TestCategoryMediaFromManifest" name="test_all_13_manifest_category_media_webp_and_etag_304" time="1.620" /><testcase classname="tests.test_iter27_media_restore_regression.TestCoversSyncRegressionUnit" name="test_sync_local_covers_handles_doc_with_missing_digest_not_unknown" time="0.002" /><testcase classname="tests.test_iter27_media_restore_regression.TestGeneratedAndLocalCovers" name="test_local_8_covers_are_linked" time="0.537" /><testcase classname="tests.test_iter27_media_restore_regression.TestGeneratedAndLocalCovers" name="test_missing_cover_urls_remain_210" time="0.007" /></testsuite></testsuites>