<?xml version="1.0" encoding="utf-8"?><testsuites name="pytest tests"><testsuite name="pytest" errors="0" failures="0" skipped="0" tests="4" time="22.620" timestamp="2026-09-23T07:23:51.219795+00:00" hostname="agent-env-57cdee63-4053-43ac-b05b-395f91977e82"><testcase classname="tests.test_iter3_tier_audio_regression" name="test_tier_seed_users_and_persistence" time="0.414" /><testcase classname="tests.test_iter3_tier_audio_regression" name="test_discover_returns_story_for_free_user" time="0.213" /><testcase classname="tests.test_iter3_tier_audio_regression" name="test_discover_returns_story_for_premium_user" time="0.185" /><testcase classname="tests.test_iter3_tier_audio_regression" name="test_single_premium_tts_warmup_probe_contract" time="21.485" /></testsuite></testsuites>