<?xml version="1.0" encoding="utf-8"?><testsuites name="pytest tests"><testsuite name="pytest" errors="0" failures="0" skipped="0" tests="12" time="1.856" timestamp="2026-09-23T06:26:59.206478+00:00" hostname="agent-env-57cdee63-4053-43ac-b05b-395f91977e82"><testcase classname="tests.test_migration_iter1" name="test_health" time="0.268" /><testcase classname="tests.test_migration_iter1" name="test_categories_12" time="0.075" /><testcase classname="tests.test_migration_iter1" name="test_stories_list" time="0.071" /><testcase classname="tests.test_migration_iter1" name="test_story_detail" time="0.141" /><testcase classname="tests.test_migration_iter1" name="test_story_detail_en" time="0.138" /><testcase classname="tests.test_migration_iter1" name="test_story_404" time="0.068" /><testcase classname="tests.test_migration_iter1" name="test_user_create" time="0.068" /><testcase classname="tests.test_migration_iter1" name="test_user_interests" time="0.140" /><testcase classname="tests.test_migration_iter1" name="test_user_bookmark_toggle" time="0.272" /><testcase classname="tests.test_migration_iter1" name="test_user_complete" time="0.144" /><testcase classname="tests.test_migration_iter1" name="test_user_stats" time="0.071" /><testcase classname="tests.test_migration_iter1" name="test_discover_next" time="0.070" /></testsuite></testsuites>